1024: 1024 301 92 46 301 
688: 1024 301 92 46 301 
928: 1024 301 92 46 301 
14512: 1024 301 92 46 301 
26496: 1024 301 92 46 301 
1920: 1024 301 92 46 301 
112: 1024 301 92 46 301 
336: 1024 301 92 46 301 
352: 1024 301 92 46 301 
416: 1024 301 92 46 301 
31: 1024 301 92 46 301 
46: 1024 301 92 46 301 
65: 65 1024 31 
161: 65 1024 31 
417: 65 1024 31 
1218: 1218 65 1024 
66: 1218 65 1024 
13122: 1218 65 1024 
161010: 1218 65 1024 
13810: 1218 65 1024 
210: 1218 65 1024 
2099: 2099 1218 65 
835: 2099 1218 65 
67: 2099 1218 65 
211: 2099 1218 65 
419: 2099 1218 65 
404: 404 2099 1218 
50101: 50101 404 2099 
213: 50101 404 2099 
90214: 90214 50101 404 
831110: 90214 50101 404 
214: 90214 50101 404 
8311: 8311 90214 50101 
55: 8311 90214 50101 
439: 8311 90214 50101 
440: 440 8311 90214 
1992: 440 8311 90214 
1048: 440 8311 90214 
616: 440 8311 90214 
1080: 440 8311 90214 
2024: 440 8311 90214 
120: 440 8311 90214 
344: 440 8311 90214 
31913: 31913 440 8311 
42: 42 31913 440 
1610: 42 31913 440 
138: 42 31913 440 
61610: 42 31913 440 
92810: 42 31913 440 
314: 42 31913 440 
8107: 8107 42 31913 
96283: 8107 42 31913 
91: 8107 42 31913 
92: 92 8107 42 
301: 301 92 8107 
829: 301 92 8107 
94: 46 
6510: 46 
22191: 31 
120703: 31 
199999: 31 
751263: 31 
831: 31 
111: 31 
431: 31 
